<?xml version="1.0" encoding="UTF-8"?>
<!-- Generated by org.testng.reporters.JUnitReportReporter -->
<testsuite hostname="DESKTOP-2QKC3L8" failures="0" tests="4" name="com.testng.DependsOnMethod" time="0.032" errors="0" timestamp="2024-05-01T14:45:22 IST" skipped="0">
  <testcase classname="com.testng.DependsOnMethod" name="browserLaunch" time="0.003"/>
  <testcase classname="com.testng.DependsOnMethod" name="login" time="0.003"/>
  <testcase classname="com.testng.DependsOnMethod" name="grtUrl" time="0.005"/>
  <testcase classname="com.testng.DependsOnMethod" name="setProperty" time="0.021"/>
</testsuite> <!-- com.testng.DependsOnMethod -->
