<?xml version="1.0" encoding="UTF-8"?>
<!-- Generated by org.testng.reporters.JUnitReportReporter -->
<testsuite hostname="DESKTOP-2QKC3L8" failures="0" tests="4" name="com.testng.GroupingTest" time="0.034" errors="0" timestamp="2024-05-07T13:20:38 IST" skipped="0">
  <testcase classname="com.testng.GroupingTest" name="tshirt" time="0.003"/>
  <testcase classname="com.testng.GroupingTest" name="wynk" time="0.003"/>
  <testcase classname="com.testng.GroupingTest" name="dresses" time="0.024"/>
  <testcase classname="com.testng.GroupingTest" name="spotify" time="0.004"/>
</testsuite> <!-- com.testng.GroupingTest -->
