<?xml version="1.0" encoding="UTF-8"?>
<!-- Generated by org.testng.reporters.JUnitReportReporter -->
<testsuite hostname="DESKTOP-2QKC3L8" failures="0" tests="1" name="com.testng.AmazonGetName" time="3.433" errors="0" timestamp="2024-05-02T21:07:45 IST" skipped="0">
  <testcase classname="com.testng.AmazonGetName" name="getText" time="3.433"/>
</testsuite> <!-- com.testng.AmazonGetName -->
