<?xml version="1.0" encoding="UTF-8"?>
<!-- Generated by org.testng.reporters.JUnitReportReporter -->
<testsuite hostname="DESKTOP-2QKC3L8" failures="0" tests="2" name="com.testng.DataProviderTest" time="0.016" errors="0" timestamp="2024-05-07T15:17:01 IST" skipped="0">
  <testcase classname="com.testng.DataProviderTest" name="credentials" time="0.012"/>
  <testcase classname="com.testng.DataProviderTest" name="credentials" time="0.004"/>
</testsuite> <!-- com.testng.DataProviderTest -->
