<?xml version="1.0" encoding="UTF-8"?>
<!-- Generated by org.testng.reporters.JUnitReportReporter -->
<testsuite hostname="DESKTOP-2QKC3L8" failures="0" tests="4" name="com.testng.priorityTest" time="0.031" errors="0" timestamp="2024-05-01T12:34:49 IST" skipped="1">
  <testcase classname="com.testng.priorityTest" name="setProperty" time="0.021"/>
  <testcase classname="com.testng.priorityTest" name="browserLaunch" time="0.005"/>
  <testcase classname="com.testng.priorityTest" name="grtUrl" time="0.005"/>
  <testcase classname="com.testng.priorityTest" name="login">
    <skipped/>
  </testcase> <!-- login -->
</testsuite> <!-- com.testng.priorityTest -->
